<?xml version="1.0" encoding="UTF-8"?>
<TestRun id="f333682e-6ba4-4e41-b749-5ae0fd9463bc" name="ymateo@AGR-AQF130 2016-04-09 19:34:58" runUser="AGR-DOMAIN\ymateo" xmlns="http://microsoft.com/schemas/VisualStudio/TeamTest/2010">
  <TestSettings name="Configuración de pruebas predeterminada" id="a54f88ee-6715-4d6f-90ac-86eb534ffa8d">
    <Deployment runDeploymentRoot="ymateo_AGR-AQF130 2016-04-09 19_34_58">
      <DeploymentItem filename="F:\UPC\Septimo Ciclo\DSD\AvanceFinal\Avance2\LosRenacidosWeb\GestionEquipoWeb\bin\GestionEquipoWeb.dll" />
    </Deployment>
    <Execution>
      <TestTypeSpecific />
      <AgentRule name="Execution Agents">
      </AgentRule>
    </Execution>
  </TestSettings>
  <Times creation="2016-04-09T19:34:58.8066362-05:00" queuing="2016-04-09T19:35:01.8166404-05:00" start="2016-04-09T19:35:01.8166404-05:00" finish="2016-04-09T19:35:02.3966412-05:00" />
  <ResultSummary outcome="Completed">
    <Counters total="1" executed="1" passed="1" error="0" failed="0" timeout="0" aborted="0" inconclusive="0" passedButRunAborted="0" notRunnable="0" notExecuted="0" disconnected="0" warning="0" completed="0" inProgress="0" pending="0" />
  </ResultSummary>
  <TestDefinitions>
    <UnitTest name="cerrarAveriaTest" storage="f:\upc\septimo ciclo\dsd\avancefinal\avance2\losrenacidosweb\gestionequipoweb.tests\bin\debug\gestionequipoweb.tests.dll" id="9e32e65a-21ff-480e-b557-bcb7fe21b8de">
      <Execution id="81278ed6-fc12-4425-ac40-d604dc41f840" />
      <TestMethod codeBase="F:/UPC/Septimo Ciclo/DSD/AvanceFinal/Avance2/LosRenacidosWeb/GestionEquipoWeb.Tests/bin/Debug/GestionEquipoWeb.Tests.DLL" adapterTypeName="Microsoft.VisualStudio.TestTools.TestTypes.Unit.UnitTestAdapter, Microsoft.VisualStudio.QualityTools.Tips.UnitTest.Adapter, Version=10.0.0.0, Culture=neutral, PublicKeyToken=b03f5f7f11d50a3a" className="GestionEquipoWeb.Tests.TestGestion, GestionEquipoWeb.Tests, Version=1.0.0.0, Culture=neutral, PublicKeyToken=null" name="cerrarAveriaTest" />
    </UnitTest>
  </TestDefinitions>
  <TestLists>
    <TestList name="Resultados que no están en la lista" id="8c84fa94-04c1-424b-9868-57a2d4851a1d" />
    <TestList name="Todos los resultados cargados" id="19431567-8539-422a-85d7-44ee4e166bda" />
  </TestLists>
  <TestEntries>
    <TestEntry testId="9e32e65a-21ff-480e-b557-bcb7fe21b8de" executionId="81278ed6-fc12-4425-ac40-d604dc41f840" testListId="8c84fa94-04c1-424b-9868-57a2d4851a1d" />
  </TestEntries>
  <Results>
    <UnitTestResult executionId="81278ed6-fc12-4425-ac40-d604dc41f840" testId="9e32e65a-21ff-480e-b557-bcb7fe21b8de" testName="cerrarAveriaTest" computerName="AGR-AQF130" duration="00:00:00.3748124" startTime="2016-04-09T19:35:01.8166404-05:00" endTime="2016-04-09T19:35:02.3666412-05:00" testType="13cdc9d9-ddb5-4fa4-a97d-d965ccfc6d4b" outcome="Passed" testListId="8c84fa94-04c1-424b-9868-57a2d4851a1d" relativeResultsDirectory="81278ed6-fc12-4425-ac40-d604dc41f840">
    </UnitTestResult>
  </Results>
</TestRun>