<?xml version="1.0" encoding="UTF-8"?>
<TestRun id="1e2ae5af-3db3-4d89-b8e4-a029ce483f32" name="ymateo@AGR-AQF130 2016-04-09 19:37:14" runUser="AGR-DOMAIN\ymateo" xmlns="http://microsoft.com/schemas/VisualStudio/TeamTest/2010">
  <TestSettings name="Configuración de pruebas predeterminada" id="0cc43078-6739-46f5-bf55-03d34444ee67">
    <Deployment runDeploymentRoot="ymateo_AGR-AQF130 2016-04-09 19_37_14">
      <DeploymentItem filename="F:\UPC\Septimo Ciclo\DSD\AvanceFinal\Avance2\LosRenacidosWeb\GestionEquipoWeb\bin\GestionEquipoWeb.dll" />
    </Deployment>
    <Execution>
      <TestTypeSpecific />
      <AgentRule name="Execution Agents">
      </AgentRule>
    </Execution>
  </TestSettings>
  <Times creation="2016-04-09T19:37:14.6055909-05:00" queuing="2016-04-09T19:37:16.7455939-05:00" start="2016-04-09T19:37:16.7555939-05:00" finish="2016-04-09T19:37:17.3946031-05:00" />
  <ResultSummary outcome="Completed">
    <Counters total="1" executed="1" passed="1" error="0" failed="0" timeout="0" aborted="0" inconclusive="0" passedButRunAborted="0" notRunnable="0" notExecuted="0" disconnected="0" warning="0" completed="0" inProgress="0" pending="0" />
  </ResultSummary>
  <TestDefinitions>
    <UnitTest name="confirmarReparacionAveriaTest" storage="f:\upc\septimo ciclo\dsd\avancefinal\avance2\losrenacidosweb\gestionequipoweb.tests\bin\debug\gestionequipoweb.tests.dll" id="595f6dff-980f-e30d-6b3e-a78c5454d485">
      <Execution id="19300e55-1ae4-4bd3-981b-0933f1c51d84" />
      <TestMethod codeBase="F:/UPC/Septimo Ciclo/DSD/AvanceFinal/Avance2/LosRenacidosWeb/GestionEquipoWeb.Tests/bin/Debug/GestionEquipoWeb.Tests.DLL" adapterTypeName="Microsoft.VisualStudio.TestTools.TestTypes.Unit.UnitTestAdapter, Microsoft.VisualStudio.QualityTools.Tips.UnitTest.Adapter, Version=10.0.0.0, Culture=neutral, PublicKeyToken=b03f5f7f11d50a3a" className="GestionEquipoWeb.Tests.TestGestion, GestionEquipoWeb.Tests, Version=1.0.0.0, Culture=neutral, PublicKeyToken=null" name="confirmarReparacionAveriaTest" />
    </UnitTest>
  </TestDefinitions>
  <TestLists>
    <TestList name="Resultados que no están en la lista" id="8c84fa94-04c1-424b-9868-57a2d4851a1d" />
    <TestList name="Todos los resultados cargados" id="19431567-8539-422a-85d7-44ee4e166bda" />
  </TestLists>
  <TestEntries>
    <TestEntry testId="595f6dff-980f-e30d-6b3e-a78c5454d485" executionId="19300e55-1ae4-4bd3-981b-0933f1c51d84" testListId="8c84fa94-04c1-424b-9868-57a2d4851a1d" />
  </TestEntries>
  <Results>
    <UnitTestResult executionId="19300e55-1ae4-4bd3-981b-0933f1c51d84" testId="595f6dff-980f-e30d-6b3e-a78c5454d485" testName="confirmarReparacionAveriaTest" computerName="AGR-AQF130" duration="00:00:00.4129113" startTime="2016-04-09T19:37:16.7555939-05:00" endTime="2016-04-09T19:37:17.3546030-05:00" testType="13cdc9d9-ddb5-4fa4-a97d-d965ccfc6d4b" outcome="Passed" testListId="8c84fa94-04c1-424b-9868-57a2d4851a1d" relativeResultsDirectory="19300e55-1ae4-4bd3-981b-0933f1c51d84">
    </UnitTestResult>
  </Results>
</TestRun>