<?xml version="1.0" encoding="UTF-8"?>
<TestRun id="f173db43-d983-4908-aadd-afa2a65c8593" name="ymateo@AGR-AQF130 2016-04-09 08:22:40" runUser="AGR-DOMAIN\ymateo" xmlns="http://microsoft.com/schemas/VisualStudio/TeamTest/2010">
  <TestSettings name="Configuración de pruebas predeterminada" id="70a5a61e-4ff0-494b-9413-8a6a7e0255ab">
    <Deployment runDeploymentRoot="ymateo_AGR-AQF130 2016-04-09 08_22_40">
      <DeploymentItem filename="F:\UPC\Septimo Ciclo\DSD\AvanceFinal\Avance2\LosRenacidosWeb\GestionEquipoWeb\bin\GestionEquipoWeb.dll" />
    </Deployment>
    <Execution>
      <TestTypeSpecific />
      <AgentRule name="Execution Agents">
      </AgentRule>
    </Execution>
  </TestSettings>
  <Times creation="2016-04-09T08:22:40.7653181-05:00" queuing="2016-04-09T08:22:43.2153215-05:00" start="2016-04-09T08:22:43.2253215-05:00" finish="2016-04-09T08:22:43.9653309-05:00" />
  <ResultSummary outcome="Failed">
    <Counters total="1" executed="1" error="0" failed="1" timeout="0" aborted="0" inconclusive="0" passedButRunAborted="0" notRunnable="0" notExecuted="0" disconnected="0" warning="0" passed="0" completed="0" inProgress="0" pending="0" />
  </ResultSummary>
  <TestDefinitions>
    <UnitTest name="asignarAveriaTest" storage="f:\upc\septimo ciclo\dsd\avancefinal\avance2\losrenacidosweb\gestionequipoweb.tests\bin\debug\gestionequipoweb.tests.dll" id="e2b62915-51a8-a44d-0f7e-1ce8b702a5a7">
      <Execution id="b15c4ce5-399d-4a24-bb04-82a2caf049bf" />
      <TestMethod codeBase="F:/UPC/Septimo Ciclo/DSD/AvanceFinal/Avance2/LosRenacidosWeb/GestionEquipoWeb.Tests/bin/Debug/GestionEquipoWeb.Tests.DLL" adapterTypeName="Microsoft.VisualStudio.TestTools.TestTypes.Unit.UnitTestAdapter, Microsoft.VisualStudio.QualityTools.Tips.UnitTest.Adapter, Version=10.0.0.0, Culture=neutral, PublicKeyToken=b03f5f7f11d50a3a" className="GestionEquipoWeb.Tests.TestGestion, GestionEquipoWeb.Tests, Version=1.0.0.0, Culture=neutral, PublicKeyToken=null" name="asignarAveriaTest" />
    </UnitTest>
  </TestDefinitions>
  <TestLists>
    <TestList name="Resultados que no están en la lista" id="8c84fa94-04c1-424b-9868-57a2d4851a1d" />
    <TestList name="Todos los resultados cargados" id="19431567-8539-422a-85d7-44ee4e166bda" />
  </TestLists>
  <TestEntries>
    <TestEntry testId="e2b62915-51a8-a44d-0f7e-1ce8b702a5a7" executionId="b15c4ce5-399d-4a24-bb04-82a2caf049bf" testListId="8c84fa94-04c1-424b-9868-57a2d4851a1d" />
  </TestEntries>
  <Results>
    <UnitTestResult executionId="b15c4ce5-399d-4a24-bb04-82a2caf049bf" testId="e2b62915-51a8-a44d-0f7e-1ce8b702a5a7" testName="asignarAveriaTest" computerName="AGR-AQF130" duration="00:00:00.5299719" startTime="2016-04-09T08:22:43.2253215-05:00" endTime="2016-04-09T08:22:43.9353309-05:00" testType="13cdc9d9-ddb5-4fa4-a97d-d965ccfc6d4b" outcome="Failed" testListId="8c84fa94-04c1-424b-9868-57a2d4851a1d" relativeResultsDirectory="b15c4ce5-399d-4a24-bb04-82a2caf049bf">
      <Output>
        <ErrorInfo>
          <Message>El método de prueba GestionEquipoWeb.Tests.TestGestion.asignarAveriaTest produjo la excepción: 
System.Net.WebException: Error en el servidor remoto: (400) Solicitud incorrecta.</Message>
          <StackTrace>    en System.Net.HttpWebRequest.GetResponse()
   en GestionEquipoWeb.Tests.TestGestion.asignarAveriaTest() en F:\UPC\Septimo Ciclo\DSD\AvanceFinal\Avance2\LosRenacidosWeb\GestionEquipoWeb.Tests\TestGestion.cs:línea 273
</StackTrace>
        </ErrorInfo>
      </Output>
    </UnitTestResult>
  </Results>
</TestRun>