<?xml version="1.0" encoding="UTF-8"?>
<TestRun id="ec6a10d7-33a9-4432-ad8e-43c6c881e270" name="ymateo@AGR-AQF130 2016-04-09 19:32:49" runUser="AGR-DOMAIN\ymateo" xmlns="http://microsoft.com/schemas/VisualStudio/TeamTest/2010">
  <TestSettings name="Configuración de pruebas predeterminada" id="40303659-9025-4e0d-916d-70fa5cc64536">
    <Deployment runDeploymentRoot="ymateo_AGR-AQF130 2016-04-09 19_32_49">
      <DeploymentItem filename="F:\UPC\Septimo Ciclo\DSD\AvanceFinal\Avance2\LosRenacidosWeb\GestionEquipoWeb\bin\GestionEquipoWeb.dll" />
    </Deployment>
    <Execution>
      <TestTypeSpecific />
      <AgentRule name="Execution Agents">
      </AgentRule>
    </Execution>
  </TestSettings>
  <Times creation="2016-04-09T19:32:49.0961802-05:00" queuing="2016-04-09T19:32:51.0786831-05:00" start="2016-04-09T19:32:51.0886831-05:00" finish="2016-04-09T19:32:52.0516928-05:00" />
  <ResultSummary outcome="Failed">
    <Counters total="1" executed="1" error="0" failed="1" timeout="0" aborted="0" inconclusive="0" passedButRunAborted="0" notRunnable="0" notExecuted="0" disconnected="0" warning="0" passed="0" completed="0" inProgress="0" pending="0" />
  </ResultSummary>
  <TestDefinitions>
    <UnitTest name="cerrarAveriaTest" storage="f:\upc\septimo ciclo\dsd\avancefinal\avance2\losrenacidosweb\gestionequipoweb.tests\bin\debug\gestionequipoweb.tests.dll" id="9e32e65a-21ff-480e-b557-bcb7fe21b8de">
      <Execution id="6eb2df25-8e37-4437-b446-09f6720868a2" />
      <TestMethod codeBase="F:/UPC/Septimo Ciclo/DSD/AvanceFinal/Avance2/LosRenacidosWeb/GestionEquipoWeb.Tests/bin/Debug/GestionEquipoWeb.Tests.DLL" adapterTypeName="Microsoft.VisualStudio.TestTools.TestTypes.Unit.UnitTestAdapter, Microsoft.VisualStudio.QualityTools.Tips.UnitTest.Adapter, Version=10.0.0.0, Culture=neutral, PublicKeyToken=b03f5f7f11d50a3a" className="GestionEquipoWeb.Tests.TestGestion, GestionEquipoWeb.Tests, Version=1.0.0.0, Culture=neutral, PublicKeyToken=null" name="cerrarAveriaTest" />
    </UnitTest>
  </TestDefinitions>
  <TestLists>
    <TestList name="Resultados que no están en la lista" id="8c84fa94-04c1-424b-9868-57a2d4851a1d" />
    <TestList name="Todos los resultados cargados" id="19431567-8539-422a-85d7-44ee4e166bda" />
  </TestLists>
  <TestEntries>
    <TestEntry testId="9e32e65a-21ff-480e-b557-bcb7fe21b8de" executionId="6eb2df25-8e37-4437-b446-09f6720868a2" testListId="8c84fa94-04c1-424b-9868-57a2d4851a1d" />
  </TestEntries>
  <Results>
    <UnitTestResult executionId="6eb2df25-8e37-4437-b446-09f6720868a2" testId="9e32e65a-21ff-480e-b557-bcb7fe21b8de" testName="cerrarAveriaTest" computerName="AGR-AQF130" duration="00:00:00.7822730" startTime="2016-04-09T19:32:51.0886831-05:00" endTime="2016-04-09T19:32:52.0216928-05:00" testType="13cdc9d9-ddb5-4fa4-a97d-d965ccfc6d4b" outcome="Failed" testListId="8c84fa94-04c1-424b-9868-57a2d4851a1d" relativeResultsDirectory="6eb2df25-8e37-4437-b446-09f6720868a2">
      <Output>
        <ErrorInfo>
          <Message>Error de Assert.AreEqual. Se esperaba &lt;3&gt;, pero es &lt;2&gt;. </Message>
          <StackTrace>   en GestionEquipoWeb.Tests.TestGestion.cerrarAveriaTest() en F:\UPC\Septimo Ciclo\DSD\AvanceFinal\Avance2\LosRenacidosWeb\GestionEquipoWeb.Tests\TestGestion.cs:línea 306
</StackTrace>
        </ErrorInfo>
      </Output>
    </UnitTestResult>
  </Results>
</TestRun>