<?xml version="1.0" encoding="UTF-8"?>
<TestRun id="93bdf06c-c9b1-4fb7-be91-d4a9021ba40c" name="ymateo@AGR-AQF130 2016-04-09 06:03:16" runUser="AGR-DOMAIN\ymateo" xmlns="http://microsoft.com/schemas/VisualStudio/TeamTest/2010">
  <TestSettings name="Configuración de pruebas predeterminada" id="b57495e4-025a-48bb-8561-917afd3ced08">
    <Deployment runDeploymentRoot="ymateo_AGR-AQF130 2016-04-09 06_03_16">
      <DeploymentItem filename="F:\UPC\Septimo Ciclo\DSD\AvanceFinal\Avance2\LosRenacidosWeb\GestionEquipoWeb\bin\GestionEquipoWeb.dll" />
    </Deployment>
    <Execution>
      <TestTypeSpecific />
      <AgentRule name="Execution Agents">
      </AgentRule>
    </Execution>
  </TestSettings>
  <Times creation="2016-04-09T06:03:16.7119914-05:00" queuing="2016-04-09T06:03:18.9419914-05:00" start="2016-04-09T06:03:18.9519914-05:00" finish="2016-04-09T06:03:20.1239914-05:00" />
  <ResultSummary outcome="Completed">
    <Counters total="1" executed="1" passed="1" error="0" failed="0" timeout="0" aborted="0" inconclusive="0" passedButRunAborted="0" notRunnable="0" notExecuted="0" disconnected="0" warning="0" completed="0" inProgress="0" pending="0" />
  </ResultSummary>
  <TestDefinitions>
    <UnitTest name="asignarAveriaTest" storage="f:\upc\septimo ciclo\dsd\avancefinal\avance2\losrenacidosweb\gestionequipoweb.tests\bin\debug\gestionequipoweb.tests.dll" id="e2b62915-51a8-a44d-0f7e-1ce8b702a5a7">
      <Execution id="60e55b9e-6d97-41c2-9aa4-0dc4ce1844bb" />
      <TestMethod codeBase="F:/UPC/Septimo Ciclo/DSD/AvanceFinal/Avance2/LosRenacidosWeb/GestionEquipoWeb.Tests/bin/Debug/GestionEquipoWeb.Tests.DLL" adapterTypeName="Microsoft.VisualStudio.TestTools.TestTypes.Unit.UnitTestAdapter, Microsoft.VisualStudio.QualityTools.Tips.UnitTest.Adapter, Version=10.0.0.0, Culture=neutral, PublicKeyToken=b03f5f7f11d50a3a" className="GestionEquipoWeb.Tests.TestGestion, GestionEquipoWeb.Tests, Version=1.0.0.0, Culture=neutral, PublicKeyToken=null" name="asignarAveriaTest" />
    </UnitTest>
  </TestDefinitions>
  <TestLists>
    <TestList name="Resultados que no están en la lista" id="8c84fa94-04c1-424b-9868-57a2d4851a1d" />
    <TestList name="Todos los resultados cargados" id="19431567-8539-422a-85d7-44ee4e166bda" />
  </TestLists>
  <TestEntries>
    <TestEntry testId="e2b62915-51a8-a44d-0f7e-1ce8b702a5a7" executionId="60e55b9e-6d97-41c2-9aa4-0dc4ce1844bb" testListId="8c84fa94-04c1-424b-9868-57a2d4851a1d" />
  </TestEntries>
  <Results>
    <UnitTestResult executionId="60e55b9e-6d97-41c2-9aa4-0dc4ce1844bb" testId="e2b62915-51a8-a44d-0f7e-1ce8b702a5a7" testName="asignarAveriaTest" computerName="AGR-AQF130" duration="00:00:01.0096792" startTime="2016-04-09T06:03:18.9519914-05:00" endTime="2016-04-09T06:03:20.1139914-05:00" testType="13cdc9d9-ddb5-4fa4-a97d-d965ccfc6d4b" outcome="Passed" testListId="8c84fa94-04c1-424b-9868-57a2d4851a1d" relativeResultsDirectory="60e55b9e-6d97-41c2-9aa4-0dc4ce1844bb">
    </UnitTestResult>
  </Results>
</TestRun>